-------------------------------------------
Batch: 0
-------------------------------------------
+------+----+------+
|domain|view|unique|
+------+----+------+
+------+----+------+

-------------------------------------------
Batch: 1
-------------------------------------------
+--------------------+----+------+
|domain              |view|unique|
+--------------------+----+------+
|news.rambler.ru     |2   |2     |
|www.rambler.ru      |2   |2     |
|railway.kanaries.ru |1   |1     |
|megogo.net          |1   |1     |
|www.sport-express.ru|1   |1     |
|terrikon.com        |1   |1     |
|proxy-base.com      |1   |1     |
|soc-ege.sdamgia.ru  |1   |1     |
|www.yaplakal.com    |1   |1     |
|igroflot.ru         |1   |1     |
+--------------------+----+------+

-------------------------------------------
Batch: 2
-------------------------------------------
+------------------+----+------+
|domain            |view|unique|
+------------------+----+------+
|news.rambler.ru   |6   |5     |
|life.ru           |4   |4     |
|www.rambler.ru    |3   |3     |
|www.kp.ru         |2   |2     |
|www.coins-spb.ru  |2   |1     |
|www.ntv.ru        |2   |2     |
|www.championat.com|2   |2     |
|www.kupivip.ru    |2   |2     |
|ria.ru            |2   |2     |
|m.kp.ru           |2   |2     |
+------------------+----+------+

-------------------------------------------
Batch: 3
-------------------------------------------
+-----------------+----+------+
|domain           |view|unique|
+-----------------+----+------+
|news.rambler.ru  |10  |8     |
|m.lenta.ru       |5   |2     |
|life.ru          |4   |4     |
|www.rambler.ru   |4   |4     |
|www.mk.ru        |3   |3     |
|www.yaplakal.com |3   |3     |
|smi2.ru          |3   |3     |
|www.coins-spb.ru |3   |1     |
|m.rambler.ru     |2   |2     |
|www.playground.ru|2   |2     |
+-----------------+----+------+

-------------------------------------------
Batch: 4
-------------------------------------------
+-----------------+----+------+
|domain           |view|unique|
+-----------------+----+------+
|news.rambler.ru  |15  |13    |
|www.rambler.ru   |8   |8     |
|www.mk.ru        |7   |7     |
|m.lenta.ru       |7   |2     |
|www.yaplakal.com |5   |5     |
|life.ru          |5   |5     |
|smi2.ru          |4   |4     |
|www.playground.ru|4   |4     |
|yandex.ru        |4   |4     |
|echo.msk.ru      |4   |4     |
+-----------------+----+------+

