-------------------------------------------
Batch: 0
-------------------------------------------
+------+----+----+------+
|window|zone|view|unique|
+------+----+----+------+
+------+----+----+------+

-------------------------------------------
Batch: 1
-------------------------------------------
+------------------------------------------+------+----+------+
|window                                    |zone  |view|unique|
+------------------------------------------+------+----+------+
|[2018-04-01 16:20:42, 2018-04-01 16:20:44]|ru    |40  |35    |
|[2018-04-01 16:20:42, 2018-04-01 16:20:44]|not ru|9   |8     |
|[2018-04-01 16:20:43, 2018-04-01 16:20:45]|ru    |41  |36    |
|[2018-04-01 16:20:43, 2018-04-01 16:20:45]|not ru|9   |8     |
|[2018-04-01 16:20:44, 2018-04-01 16:20:46]|ru    |1   |1     |
+------------------------------------------+------+----+------+

-------------------------------------------
Batch: 2
-------------------------------------------
+------------------------------------------+------+----+------+
|window                                    |zone  |view|unique|
+------------------------------------------+------+----+------+
|[2018-04-01 16:20:42, 2018-04-01 16:20:44]|ru    |69  |64    |
|[2018-04-01 16:20:42, 2018-04-01 16:20:44]|not ru|13  |12    |
|[2018-04-01 16:20:43, 2018-04-01 16:20:45]|ru    |83  |75    |
|[2018-04-01 16:20:43, 2018-04-01 16:20:45]|not ru|17  |15    |
|[2018-04-01 16:20:44, 2018-04-01 16:20:46]|ru    |14  |13    |
|[2018-04-01 16:20:44, 2018-04-01 16:20:46]|not ru|4   |4     |
+------------------------------------------+------+----+------+

-------------------------------------------
Batch: 3
-------------------------------------------
+------------------------------------------+------+----+------+
|window                                    |zone  |view|unique|
+------------------------------------------+------+----+------+
|[2018-04-01 16:20:42, 2018-04-01 16:20:44]|ru    |83  |76    |
|[2018-04-01 16:20:42, 2018-04-01 16:20:44]|not ru|17  |16    |
|[2018-04-01 16:20:43, 2018-04-01 16:20:45]|ru    |119 |108   |
|[2018-04-01 16:20:43, 2018-04-01 16:20:45]|not ru|31  |30    |
|[2018-04-01 16:20:44, 2018-04-01 16:20:46]|ru    |36  |32    |
|[2018-04-01 16:20:44, 2018-04-01 16:20:46]|not ru|14  |14    |
+------------------------------------------+------+----+------+

-------------------------------------------
Batch: 4
-------------------------------------------
+------------------------------------------+------+----+------+
|window                                    |zone  |view|unique|
+------------------------------------------+------+----+------+
|[2018-04-01 16:20:42, 2018-04-01 16:20:44]|ru    |94  |87    |
|[2018-04-01 16:20:42, 2018-04-01 16:20:44]|not ru|18  |17    |
|[2018-04-01 16:20:43, 2018-04-01 16:20:45]|ru    |141 |132   |
|[2018-04-01 16:20:43, 2018-04-01 16:20:45]|not ru|35  |34    |
|[2018-04-01 16:20:44, 2018-04-01 16:20:46]|ru    |47  |44    |
|[2018-04-01 16:20:44, 2018-04-01 16:20:46]|not ru|17  |17    |
+------------------------------------------+------+----+------+
