57d483f10125c904ea,37b038cf01825116b0	
44930e8b017004b1c6	
3db15cc201b4209747,470e1d970125e49158,8a2786d60132a76ec1	
02d918bf01695ab52f,2d37aaab0143960627,beea0f6b01e3fb9f0d	
b3bb985901262fa2d3,2b7e396501ad06b620,3f788520014fcda68a	
f8b7802601d8ed9e8b,4e4dd26701f1b01d70,f816bad40169c28008,c6b8b69c014882c70b,e3912a3201f59d15b8	
6cc29aed016ea75bed,a290e60301927c195f	
2b4924d00171226d92,4e0a5b78017aec0a5d,4f4d471a01dc5f3dcb,8a5f7a7b01767ba198,41631cd401e1d54094	
368eb4c601526302b9	
18671a5a01939ea786,e4e8764c01acaf2f86	
57461206011fd58022,54f0e3e10160405933	
98f31efd0118b69e86,464b7f7b017dd47ce6	
1264f07001d78df230	
d6ce10e20111027542,6c91a6f301a6899054	
5c6c0294013363e201,6ae7435f01ff81b5ef	
8405c39d01fe90d611,ee043989010f33d559	
e2907679011b817fc7,5ea7e700018ed1b127,ad6b540a01a76dda4e	
2ff8ff5b01d976cb1c,842add0a0151bcea9d,41807e3701c671024a,f179d1f501020a9483	
1ed88fca01ef9acc35	
acc801aa016835a7a8,d4d5d2f1018efdb3dd	
5a66d9f301db4adf8f,5fbb586a01f80532a3,8b24625f01f06b861e,a40fa6e60151759215	
31300c4f01fe9a8671	
e2fc37b6012f3661cc,137710e901c1a728ef,7e9ab64a01357b0a4f,4090383f0143c196db,9e43446f01ca9711a2	
67c350730195589b73	
d5bb1b110187ba50bd	
2803664f01e55998a1	
422b325901161e5273,335a29b9012e439cb8,e770defd01a4271fa4,7ad100bd01fc095894,eb0e936b01c7ba6e78	
61e6797a01e3a0b8ea	
589f2457011a167049,73d2ae1e016be887a5,cbe393ff01b70d3c55	
fd224d6301bc19c07a,63392bbb0156c03ea8,e91ef8be013f503c4b	
326ca4c201a29e32c2,d5d87c860131e4ee15,e777c7cb01a9e65820,22a6063d01e3f12cf1	
33e9ca1301fc2cb8c7,4026a269011c4970df,b0164ef701a7fb85ae,ef1119d401ca0f6437,89e27f810185598fa8	
dad1941101c540c4db	
b424c84801dbbbb592	
f0f43bab01d2c2344b,70b9728101206841b2,08532a0701dd405680,9960834101cde1f972	
975b0c9401cd4e0f49,93c310aa01f0e67113,df3b973b01994a1174,65c6d4dc01f0b41f91	
45159ad7011901c68a	
582f67fa01dadb9d80,5b4982b201abbaa5eb,e3b2f614018e708799	
e81ec5e0016abf3855,adaa12c501d8a30beb,fe592b3301da337f07	
c732736601dd998903,062ae2f501901765e8	
a88032da0128bd3f79,699da42f012930edc1,7438dc2201a0806745,1d08641401f88fd81d,e94ddac001eed495c1	
9068db1a01cd1cbff2,ee40e9df01185577f5,17576b060170f9e398,f711367a015073a4b6	
3df49d4f0146d77bbc,cd25840501ca7fb1aa,dce041a30166570748,2ec2f81101265dcbc5	
19da0dc8015ea5ce36,b421fdb401e4592323,262f64e101f61a5207	
d562bdae0122a7e927	
26b80bcf013e9c727e,606fff3b011f3734d4,060034ba01aa472df8,774dd5ce012a591bb2,db17c3e1014f3a6505	
81946ad501086d6c80,b531cab50180c04529	
d23b8b7f0107a14ba8,46dd521701bfea76c3,6b55d30101686e01f2,82c33728018d2462a5,c58579fc01956b2831	
80dadbfa0115e103ec,1805cd3c0177322599,4d8501630171629105,9cee5bd10199db8ffe,1a4e2a8e013293fe81	
182c0d6b01d9ad26d8,cf51613701054ce6c6,aed18c030166826484,9c38899101d806c214,aded0d9201364d9e22	
